<?xml version="1.0" encoding="UTF-8"?>
<!-- Generated by org.testng.reporters.JUnitReportReporter -->
<testsuite hostname="IN3234658W1" failures="0" tests="1" name="Testng.EditOpportunityNeg" time="81.608" errors="0" timestamp="2022-05-17T23:27:41 IST" skipped="0">
  <testcase classname="Testng.EditOpportunityNeg" name="EditOpportunityNegative" time="81.608"/>
  <system-out/>
</testsuite> <!-- Testng.EditOpportunityNeg -->
