<?xml version="1.0" encoding="UTF-8"?>
<!-- Generated by org.testng.reporters.JUnitReportReporter -->
<testsuite hostname="IN3234658W1" failures="0" tests="1" name="Testng.CreateOpportunityNeg" time="44.130" errors="0" timestamp="2022-05-17T22:24:03 IST" skipped="0">
  <testcase classname="Testng.CreateOpportunityNeg" name="CreateOpportunityPositive" time="44.130"/>
  <system-out/>
</testsuite> <!-- Testng.CreateOpportunityNeg -->
