<?xml version="1.0" encoding="UTF-8"?>
<!-- Generated by org.testng.reporters.JUnitReportReporter -->
<testsuite hostname="IN3234658W1" failures="0" tests="1" name="runner.Executionclass" time="77.847" errors="0" timestamp="2022-05-18T01:45:19 IST" skipped="0">
  <testcase classname="runner.Executionclass" name="runScenario" time="77.847"/>
  <system-out/>
</testsuite> <!-- runner.Executionclass -->
