<?xml version="1.0" encoding="UTF-8"?>
<!-- Generated by org.testng.reporters.JUnitReportReporter -->
<testsuite hostname="IN3234658W1" failures="0" tests="1" name="Testng.DeleteOpportunity" time="74.841" errors="0" timestamp="2022-05-17T23:37:31 IST" skipped="0">
  <testcase classname="Testng.DeleteOpportunity" name="DeleteOpportunityTestng" time="74.841"/>
  <system-out/>
</testsuite> <!-- Testng.DeleteOpportunity -->
