<?xml version="1.0" encoding="UTF-8"?>
<!-- Generated by org.testng.reporters.JUnitReportReporter -->
<testsuite hostname="IN3234658W1" failures="0" tests="1" name="Testng.CreateOpportunity" time="43.677" errors="0" timestamp="2022-05-17T22:20:46 IST" skipped="0">
  <testcase classname="Testng.CreateOpportunity" name="CreateOpportunityPositive" time="43.677"/>
  <system-out/>
</testsuite> <!-- Testng.CreateOpportunity -->
