<?xml version="1.0" encoding="UTF-8"?>
<!-- Generated by org.testng.reporters.JUnitReportReporter -->
<testsuite hostname="IN3234658W1" failures="0" tests="1" name="Testng.EditOpportunity" time="84.650" errors="0" timestamp="2022-05-17T23:24:47 IST" skipped="0">
  <testcase classname="Testng.EditOpportunity" name="EditOpportunityPositive" time="84.650"/>
  <system-out/>
</testsuite> <!-- Testng.EditOpportunity -->
